<?xml version="1.0" encoding="UTF-8"?>
<!-- Generated by org.testng.reporters.JUnitReportReporter -->
<testsuite skipped="0" hostname="user" name="org.testing.TestScripts.TC7" tests="1" failures="0" timestamp="2022-05-11T17:23:39 IST" time="55.332" errors="0">
  <testcase name="WatchLater" time="55.332" classname="org.testing.TestScripts.TC7"/>
  <system-out/>
</testsuite> <!-- org.testing.TestScripts.TC7 -->
