<?xml version="1.0" encoding="UTF-8"?>
<!-- Generated by org.testng.reporters.JUnitReportReporter -->
<testsuite skipped="0" hostname="user" name="org.testing.TestScripts.Class2" tests="1" failures="0" timestamp="2022-05-06T10:06:34 IST" time="0.005" errors="0">
  <testcase name="test" time="0.005" classname="org.testing.TestScripts.Class2"/>
  <system-out/>
</testsuite> <!-- org.testing.TestScripts.Class2 -->
