<?xml version="1.0" encoding="UTF-8"?>
<!-- Generated by org.testng.reporters.JUnitReportReporter -->
<testsuite skipped="0" hostname="user" name="org.testing.TestScripts.TC8" tests="1" failures="0" timestamp="2022-05-11T17:24:43 IST" time="57.443" errors="0">
  <testcase name="Library" time="57.443" classname="org.testing.TestScripts.TC8"/>
  <system-out/>
</testsuite> <!-- org.testing.TestScripts.TC8 -->
