<?xml version="1.0" encoding="UTF-8"?>
<!-- Generated by org.testng.reporters.JUnitReportReporter -->
<testsuite skipped="0" hostname="user" name="org.testing.TestScripts.TC5" tests="1" failures="0" timestamp="2022-05-11T13:36:14 IST" time="58.455" errors="0">
  <testcase name="PlayAndSubscribe" time="58.455" classname="org.testing.TestScripts.TC5"/>
  <system-out/>
</testsuite> <!-- org.testing.TestScripts.TC5 -->
