<?xml version="1.0" encoding="UTF-8"?>
<!-- Generated by org.testng.reporters.JUnitReportReporter -->
<testsuite skipped="0" hostname="user" name="org.testing.TestScripts.TC6" tests="1" failures="0" timestamp="2022-05-31T17:26:23 IST" time="183.214" errors="0">
  <testcase name="PlayAndComment" time="183.214" classname="org.testing.TestScripts.TC6"/>
  <system-out/>
</testsuite> <!-- org.testing.TestScripts.TC6 -->
