<?xml version="1.0" encoding="UTF-8"?>
<!-- Generated by org.testng.reporters.JUnitReportReporter -->
<testsuite skipped="0" hostname="user" name="org.testing.TestScripts.TestNGAnnotations" tests="3" failures="0" timestamp="2022-05-06T10:06:34 IST" time="0.015" errors="0">
  <testcase name="m1" time="0.000" classname="org.testing.TestScripts.TestNGAnnotations"/>
  <system-out/>
  <testcase name="m3" time="0.010" classname="org.testing.TestScripts.TestNGAnnotations"/>
  <system-out/>
  <testcase name="m2" time="0.005" classname="org.testing.TestScripts.TestNGAnnotations"/>
  <system-out/>
</testsuite> <!-- org.testing.TestScripts.TestNGAnnotations -->
