<?xml version="1.0" encoding="UTF-8"?>
<!-- Generated by org.testng.reporters.JUnitReportReporter -->
<testsuite skipped="0" hostname="user" name="org.testing.TestScripts.Class1" tests="1" failures="0" timestamp="2022-05-06T10:06:34 IST" time="0.010" errors="0">
  <testcase name="test" time="0.010" classname="org.testing.TestScripts.Class1"/>
  <system-out/>
</testsuite> <!-- org.testing.TestScripts.Class1 -->
