<?xml version="1.0" encoding="UTF-8"?>
<!-- Generated by org.testng.reporters.JUnitReportReporter -->
<testsuite skipped="0" hostname="user" name="org.testing.TestScripts.TC3" tests="1" failures="0" timestamp="2022-05-11T17:19:06 IST" time="55.874" errors="0">
  <testcase name="Subscriptions" time="55.874" classname="org.testing.TestScripts.TC3"/>
  <system-out/>
</testsuite> <!-- org.testing.TestScripts.TC3 -->
