<?xml version="1.0" encoding="UTF-8"?>
<!-- Generated by org.testng.reporters.JUnitReportReporter -->
<testsuite skipped="0" hostname="user" name="org.testing.TestScripts.TC2" tests="1" failures="0" timestamp="2022-05-31T14:01:03 IST" time="91.081" errors="0">
  <testcase name="History" time="91.081" classname="org.testing.TestScripts.TC2"/>
  <system-out/>
</testsuite> <!-- org.testing.TestScripts.TC2 -->
