<?xml version="1.0" encoding="UTF-8"?>
<!-- Generated by org.testng.reporters.JUnitReportReporter -->
<testsuite skipped="0" hostname="user" name="org.testing.TestScripts.TC6" tests="1" failures="0" timestamp="2022-05-11T13:36:14 IST" time="75.950" errors="0">
  <testcase name="PlayAndComment" time="75.950" classname="org.testing.TestScripts.TC6"/>
  <system-out/>
</testsuite> <!-- org.testing.TestScripts.TC6 -->
